<?xml version="1.0" encoding="UTF-8"?>
<!-- Generated by org.testng.reporters.JUnitReportReporter -->
<testsuite hostname="LAPTOP-BIISJQ32" failures="0" tests="3" name="AutomationFramework.Tests.SubmitOrderFlow" time="109.961" errors="0" timestamp="2022-11-26T20:20:34 IST" skipped="0">
  <testcase classname="AutomationFramework.Tests.SubmitOrderFlow" name="SubmitOrder" time="36.816"/>
  <system-out/>
  <testcase classname="AutomationFramework.Tests.SubmitOrderFlow" name="SubmitOrder" time="42.295"/>
  <system-out/>
  <testcase classname="AutomationFramework.Tests.SubmitOrderFlow" name="OrderHistoryPage" time="30.850"/>
  <system-out/>
</testsuite> <!-- AutomationFramework.Tests.SubmitOrderFlow -->
