<?xml version="1.0" encoding="UTF-8"?>
<!-- Generated by org.testng.reporters.JUnitReportReporter -->
<testsuite hostname="LAPTOP-BIISJQ32" failures="0" tests="1" name="cucumber.TestNGTestRunner" time="28.430" errors="0" timestamp="2022-12-03T18:46:47 IST" skipped="0">
  <testcase classname="cucumber.TestNGTestRunner" name="runScenario" time="28.430"/>
  <system-out/>
</testsuite> <!-- cucumber.TestNGTestRunner -->
