<?xml version="1.0" encoding="UTF-8"?>
<!-- Generated by org.testng.reporters.JUnitReportReporter -->
<testsuite hostname="LAPTOP-BIISJQ32" failures="0" tests="2" name="AutomationFramework.Tests.ErrorMessage" time="30.007" errors="0" timestamp="2022-11-27T13:15:33 IST" skipped="0">
  <testcase classname="AutomationFramework.Tests.ErrorMessage" name="LoginErrorMessageValidation" time="8.974"/>
  <system-out/>
  <testcase classname="AutomationFramework.Tests.ErrorMessage" name="ProductErrorMessageValidation" time="21.033"/>
  <system-out/>
</testsuite> <!-- AutomationFramework.Tests.ErrorMessage -->
