<?xml version="1.0" encoding="UTF-8"?>
<!-- Generated by org.testng.reporters.JUnitReportReporter -->
<testsuite hostname="LAPTOP-BIISJQ32" failures="0" tests="2" name="AutomationFramework.Tests.ErrorMessage" time="26.768" errors="0" timestamp="2022-11-29T23:57:15 IST" skipped="0">
  <testcase classname="AutomationFramework.Tests.ErrorMessage" name="LoginErrorMessageValidation" time="4.561"/>
  <system-out/>
  <testcase classname="AutomationFramework.Tests.ErrorMessage" name="ProductErrorMessageValidation" time="22.207"/>
  <system-out/>
</testsuite> <!-- AutomationFramework.Tests.ErrorMessage -->
