<?xml version="1.0" encoding="UTF-8"?>
<!-- Generated by org.testng.reporters.JUnitReportReporter -->
<testsuite hostname="LAPTOP-BIISJQ32" failures="0" tests="3" name="AutomationFramework.Tests.SubmitOrderFlow" time="36.602" errors="0" timestamp="2022-11-29T23:57:15 IST" skipped="0">
  <testcase classname="AutomationFramework.Tests.SubmitOrderFlow" name="SubmitOrder" time="18.270"/>
  <system-out/>
  <testcase classname="AutomationFramework.Tests.SubmitOrderFlow" name="OrderHistoryPage" time="5.245"/>
  <system-out/>
  <testcase classname="AutomationFramework.Tests.SubmitOrderFlow" name="SubmitOrder" time="13.087"/>
  <system-out/>
</testsuite> <!-- AutomationFramework.Tests.SubmitOrderFlow -->
